Analysis & Synthesis report for CO
Wed Feb 21 14:15:47 2018
Quartus Prime Version 17.1.0 Build 590 10/25/2017 SJ Lite Edition


---------------------
; Table of Contents ;
---------------------
  1. Legal Notice
  2. Analysis & Synthesis Summary
  3. Analysis & Synthesis Settings
  4. Parallel Compilation
  5. Analysis & Synthesis Source Files Read
  6. Analysis & Synthesis Resource Usage Summary
  7. Analysis & Synthesis Resource Utilization by Entity
  8. General Register Statistics
  9. Multiplexer Restructuring Statistics (Restructuring Performed)
 10. Parameter Settings for User Entity Instance: LPM_ADD_SUB:insta
 11. Parameter Settings for User Entity Instance: LPM_MUX:inst
 12. Parameter Settings for User Entity Instance: LPM_MUX:inst2
 13. Parameter Settings for User Entity Instance: LPM_OR:inst4
 14. Parameter Settings for User Entity Instance: LPM_AND:inst3
 15. Post-Synthesis Netlist Statistics for Top Partition
 16. Elapsed Time Per Partition
 17. Analysis & Synthesis Messages



----------------
; Legal Notice ;
----------------
Copyright (C) 2017  Intel Corporation. All rights reserved.
Your use of Intel Corporation's design tools, logic functions 
and other software and tools, and its AMPP partner logic 
functions, and any output files from any of the foregoing 
(including device programming or simulation files), and any 
associated documentation or information are expressly subject 
to the terms and conditions of the Intel Program License 
Subscription Agreement, the Intel Quartus Prime License Agreement,
the Intel FPGA IP License Agreement, or other applicable license
agreement, including, without limitation, that your use is for
the sole purpose of programming logic devices manufactured by
Intel and sold by Intel or its authorized distributors.  Please
refer to the applicable agreement for further details.



+-------------------------------------------------------------------------------+
; Analysis & Synthesis Summary                                                  ;
+---------------------------------+---------------------------------------------+
; Analysis & Synthesis Status     ; Successful - Wed Feb 21 14:15:47 2018       ;
; Quartus Prime Version           ; 17.1.0 Build 590 10/25/2017 SJ Lite Edition ;
; Revision Name                   ; CO                                          ;
; Top-level Entity Name           ; CO                                          ;
; Family                          ; Cyclone V                                   ;
; Logic utilization (in ALMs)     ; N/A                                         ;
; Total registers                 ; 0                                           ;
; Total pins                      ; 18                                          ;
; Total virtual pins              ; 0                                           ;
; Total block memory bits         ; 0                                           ;
; Total DSP Blocks                ; 0                                           ;
; Total HSSI RX PCSs              ; 0                                           ;
; Total HSSI PMA RX Deserializers ; 0                                           ;
; Total HSSI TX PCSs              ; 0                                           ;
; Total HSSI PMA TX Serializers   ; 0                                           ;
; Total PLLs                      ; 0                                           ;
; Total DLLs                      ; 0                                           ;
+---------------------------------+---------------------------------------------+


+---------------------------------------------------------------------------------------------------------------------------+
; Analysis & Synthesis Settings                                                                                             ;
+---------------------------------------------------------------------------------+--------------------+--------------------+
; Option                                                                          ; Setting            ; Default Value      ;
+---------------------------------------------------------------------------------+--------------------+--------------------+
; Device                                                                          ; 5CGXFC7C7F23C8     ;                    ;
; Top-level entity name                                                           ; CO                 ; CO                 ;
; Family name                                                                     ; Cyclone V          ; Cyclone V          ;
; Use smart compilation                                                           ; Off                ; Off                ;
; Enable parallel Assembler and TimeQuest Timing Analyzer during compilation      ; On                 ; On                 ;
; Enable compact report table                                                     ; Off                ; Off                ;
; Restructure Multiplexers                                                        ; Auto               ; Auto               ;
; MLAB Add Timing Constraints For Mixed-Port Feed-Through Mode Setting Don't Care ; Off                ; Off                ;
; Create Debugging Nodes for IP Cores                                             ; Off                ; Off                ;
; Preserve fewer node names                                                       ; On                 ; On                 ;
; Intel FPGA IP Evaluation Mode                                                   ; Enable             ; Enable             ;
; Verilog Version                                                                 ; Verilog_2001       ; Verilog_2001       ;
; VHDL Version                                                                    ; VHDL_1993          ; VHDL_1993          ;
; State Machine Processing                                                        ; Auto               ; Auto               ;
; Safe State Machine                                                              ; Off                ; Off                ;
; Extract Verilog State Machines                                                  ; On                 ; On                 ;
; Extract VHDL State Machines                                                     ; On                 ; On                 ;
; Ignore Verilog initial constructs                                               ; Off                ; Off                ;
; Iteration limit for constant Verilog loops                                      ; 5000               ; 5000               ;
; Iteration limit for non-constant Verilog loops                                  ; 250                ; 250                ;
; Add Pass-Through Logic to Inferred RAMs                                         ; On                 ; On                 ;
; Infer RAMs from Raw Logic                                                       ; On                 ; On                 ;
; Parallel Synthesis                                                              ; On                 ; On                 ;
; DSP Block Balancing                                                             ; Auto               ; Auto               ;
; NOT Gate Push-Back                                                              ; On                 ; On                 ;
; Power-Up Don't Care                                                             ; On                 ; On                 ;
; Remove Redundant Logic Cells                                                    ; Off                ; Off                ;
; Remove Duplicate Registers                                                      ; On                 ; On                 ;
; Ignore CARRY Buffers                                                            ; Off                ; Off                ;
; Ignore CASCADE Buffers                                                          ; Off                ; Off                ;
; Ignore GLOBAL Buffers                                                           ; Off                ; Off                ;
; Ignore ROW GLOBAL Buffers                                                       ; Off                ; Off                ;
; Ignore LCELL Buffers                                                            ; Off                ; Off                ;
; Ignore SOFT Buffers                                                             ; On                 ; On                 ;
; Limit AHDL Integers to 32 Bits                                                  ; Off                ; Off                ;
; Optimization Technique                                                          ; Balanced           ; Balanced           ;
; Carry Chain Length                                                              ; 70                 ; 70                 ;
; Auto Carry Chains                                                               ; On                 ; On                 ;
; Auto Open-Drain Pins                                                            ; On                 ; On                 ;
; Perform WYSIWYG Primitive Resynthesis                                           ; Off                ; Off                ;
; Auto ROM Replacement                                                            ; On                 ; On                 ;
; Auto RAM Replacement                                                            ; On                 ; On                 ;
; Auto DSP Block Replacement                                                      ; On                 ; On                 ;
; Auto Shift Register Replacement                                                 ; Auto               ; Auto               ;
; Allow Shift Register Merging across Hierarchies                                 ; Auto               ; Auto               ;
; Auto Clock Enable Replacement                                                   ; On                 ; On                 ;
; Strict RAM Replacement                                                          ; Off                ; Off                ;
; Allow Synchronous Control Signals                                               ; On                 ; On                 ;
; Force Use of Synchronous Clear Signals                                          ; Off                ; Off                ;
; Auto Resource Sharing                                                           ; Off                ; Off                ;
; Allow Any RAM Size For Recognition                                              ; Off                ; Off                ;
; Allow Any ROM Size For Recognition                                              ; Off                ; Off                ;
; Allow Any Shift Register Size For Recognition                                   ; Off                ; Off                ;
; Use LogicLock Constraints during Resource Balancing                             ; On                 ; On                 ;
; Ignore translate_off and synthesis_off directives                               ; Off                ; Off                ;
; Timing-Driven Synthesis                                                         ; On                 ; On                 ;
; Report Parameter Settings                                                       ; On                 ; On                 ;
; Report Source Assignments                                                       ; On                 ; On                 ;
; Report Connectivity Checks                                                      ; On                 ; On                 ;
; Ignore Maximum Fan-Out Assignments                                              ; Off                ; Off                ;
; Synchronization Register Chain Length                                           ; 3                  ; 3                  ;
; Power Optimization During Synthesis                                             ; Normal compilation ; Normal compilation ;
; HDL message level                                                               ; Level2             ; Level2             ;
; Suppress Register Optimization Related Messages                                 ; Off                ; Off                ;
; Number of Removed Registers Reported in Synthesis Report                        ; 5000               ; 5000               ;
; Number of Swept Nodes Reported in Synthesis Report                              ; 5000               ; 5000               ;
; Number of Inverted Registers Reported in Synthesis Report                       ; 100                ; 100                ;
; Clock MUX Protection                                                            ; On                 ; On                 ;
; Auto Gated Clock Conversion                                                     ; Off                ; Off                ;
; Block Design Naming                                                             ; Auto               ; Auto               ;
; SDC constraint protection                                                       ; Off                ; Off                ;
; Synthesis Effort                                                                ; Auto               ; Auto               ;
; Shift Register Replacement - Allow Asynchronous Clear Signal                    ; On                 ; On                 ;
; Pre-Mapping Resynthesis Optimization                                            ; Off                ; Off                ;
; Analysis & Synthesis Message Level                                              ; Medium             ; Medium             ;
; Disable Register Merging Across Hierarchies                                     ; Auto               ; Auto               ;
; Resource Aware Inference For Block RAM                                          ; On                 ; On                 ;
; Automatic Parallel Synthesis                                                    ; On                 ; On                 ;
; Partial Reconfiguration Bitstream ID                                            ; Off                ; Off                ;
+---------------------------------------------------------------------------------+--------------------+--------------------+


+------------------------------------------+
; Parallel Compilation                     ;
+----------------------------+-------------+
; Processors                 ; Number      ;
+----------------------------+-------------+
; Number detected on machine ; 4           ;
; Maximum allowed            ; 2           ;
;                            ;             ;
; Average used               ; 1.00        ;
; Maximum used               ; 1           ;
;                            ;             ;
; Usage by Processor         ; % Time Used ;
;     Processor 1            ; 100.0%      ;
+----------------------------+-------------+


+------------------------------------------------------------------------------------------------------------------------------------------------------------------------------------+
; Analysis & Synthesis Source Files Read                                                                                                                                             ;
+----------------------------------+-----------------+------------------------------------+--------------------------------------------------------------------------------+---------+
; File Name with User-Entered Path ; Used in Netlist ; File Type                          ; File Name with Absolute Path                                                   ; Library ;
+----------------------------------+-----------------+------------------------------------+--------------------------------------------------------------------------------+---------+
; CO.bdf                           ; yes             ; User Block Diagram/Schematic File  ; C:/Users/user/Desktop/Lab5/CO.bdf                                              ;         ;
; lpm_add_sub.tdf                  ; yes             ; Megafunction                       ; c:/intelfpga_lite/17.1/quartus/libraries/megafunctions/lpm_add_sub.tdf         ;         ;
; addcore.inc                      ; yes             ; Megafunction                       ; c:/intelfpga_lite/17.1/quartus/libraries/megafunctions/addcore.inc             ;         ;
; look_add.inc                     ; yes             ; Megafunction                       ; c:/intelfpga_lite/17.1/quartus/libraries/megafunctions/look_add.inc            ;         ;
; bypassff.inc                     ; yes             ; Megafunction                       ; c:/intelfpga_lite/17.1/quartus/libraries/megafunctions/bypassff.inc            ;         ;
; altshift.inc                     ; yes             ; Megafunction                       ; c:/intelfpga_lite/17.1/quartus/libraries/megafunctions/altshift.inc            ;         ;
; alt_stratix_add_sub.inc          ; yes             ; Megafunction                       ; c:/intelfpga_lite/17.1/quartus/libraries/megafunctions/alt_stratix_add_sub.inc ;         ;
; aglobal171.inc                   ; yes             ; Megafunction                       ; c:/intelfpga_lite/17.1/quartus/libraries/megafunctions/aglobal171.inc          ;         ;
; db/add_sub_fpl.tdf               ; yes             ; Auto-Generated Megafunction        ; C:/Users/user/Desktop/Lab5/db/add_sub_fpl.tdf                                  ;         ;
; lpm_mux.tdf                      ; yes             ; Megafunction                       ; c:/intelfpga_lite/17.1/quartus/libraries/megafunctions/lpm_mux.tdf             ;         ;
; muxlut.inc                       ; yes             ; Megafunction                       ; c:/intelfpga_lite/17.1/quartus/libraries/megafunctions/muxlut.inc              ;         ;
; db/mux_70e.tdf                   ; yes             ; Auto-Generated Megafunction        ; C:/Users/user/Desktop/Lab5/db/mux_70e.tdf                                      ;         ;
; lpm_or.tdf                       ; yes             ; Megafunction                       ; c:/intelfpga_lite/17.1/quartus/libraries/megafunctions/lpm_or.tdf              ;         ;
; lpm_and.tdf                      ; yes             ; Megafunction                       ; c:/intelfpga_lite/17.1/quartus/libraries/megafunctions/lpm_and.tdf             ;         ;
+----------------------------------+-----------------+------------------------------------+--------------------------------------------------------------------------------+---------+


+---------------------------------------------------------+
; Analysis & Synthesis Resource Usage Summary             ;
+---------------------------------------------+-----------+
; Resource                                    ; Usage     ;
+---------------------------------------------+-----------+
; Estimate of Logic utilization (ALMs needed) ; 6         ;
;                                             ;           ;
; Combinational ALUT usage for logic          ; 11        ;
;     -- 7 input functions                    ; 0         ;
;     -- 6 input functions                    ; 0         ;
;     -- 5 input functions                    ; 4         ;
;     -- 4 input functions                    ; 0         ;
;     -- <=3 input functions                  ; 7         ;
;                                             ;           ;
; Dedicated logic registers                   ; 0         ;
;                                             ;           ;
; I/O pins                                    ; 18        ;
;                                             ;           ;
; Total DSP Blocks                            ; 0         ;
;                                             ;           ;
; Maximum fan-out node                        ; SEL~input ;
; Maximum fan-out                             ; 5         ;
; Total fan-out                               ; 64        ;
; Average fan-out                             ; 1.36      ;
+---------------------------------------------+-----------+


+-----------------------------------------------------------------------------------------------------------------------------------------------------------------------------------------------------------------------------+
; Analysis & Synthesis Resource Utilization by Entity                                                                                                                                                                         ;
+------------------------------------+---------------------+---------------------------+-------------------+------------+------+--------------+--------------------------------------------------+-------------+--------------+
; Compilation Hierarchy Node         ; Combinational ALUTs ; Dedicated Logic Registers ; Block Memory Bits ; DSP Blocks ; Pins ; Virtual Pins ; Full Hierarchy Name                              ; Entity Name ; Library Name ;
+------------------------------------+---------------------+---------------------------+-------------------+------------+------+--------------+--------------------------------------------------+-------------+--------------+
; |CO                                ; 11 (0)              ; 0 (0)                     ; 0                 ; 0          ; 18   ; 0            ; |CO                                              ; CO          ; work         ;
;    |lpm_add_sub:insta|             ; 7 (0)               ; 0 (0)                     ; 0                 ; 0          ; 0    ; 0            ; |CO|lpm_add_sub:insta                            ; lpm_add_sub ; work         ;
;       |add_sub_fpl:auto_generated| ; 7 (7)               ; 0 (0)                     ; 0                 ; 0          ; 0    ; 0            ; |CO|lpm_add_sub:insta|add_sub_fpl:auto_generated ; add_sub_fpl ; work         ;
;    |lpm_mux:inst|                  ; 4 (0)               ; 0 (0)                     ; 0                 ; 0          ; 0    ; 0            ; |CO|lpm_mux:inst                                 ; lpm_mux     ; work         ;
;       |mux_70e:auto_generated|     ; 4 (4)               ; 0 (0)                     ; 0                 ; 0          ; 0    ; 0            ; |CO|lpm_mux:inst|mux_70e:auto_generated          ; mux_70e     ; work         ;
+------------------------------------+---------------------+---------------------------+-------------------+------------+------+--------------+--------------------------------------------------+-------------+--------------+
Note: For table entries with two numbers listed, the numbers in parentheses indicate the number of resources of the given type used by the specific entity alone. The numbers listed outside of parentheses indicate the total resources of the given type used by the specific entity and all of its sub-entities in the hierarchy.


+------------------------------------------------------+
; General Register Statistics                          ;
+----------------------------------------------+-------+
; Statistic                                    ; Value ;
+----------------------------------------------+-------+
; Total registers                              ; 0     ;
; Number of registers using Synchronous Clear  ; 0     ;
; Number of registers using Synchronous Load   ; 0     ;
; Number of registers using Asynchronous Clear ; 0     ;
; Number of registers using Asynchronous Load  ; 0     ;
; Number of registers using Clock Enable       ; 0     ;
; Number of registers using Preset             ; 0     ;
+----------------------------------------------+-------+


+----------------------------------------------------------------------------------------------------------------------------------------------------------------------------+
; Multiplexer Restructuring Statistics (Restructuring Performed)                                                                                                             ;
+--------------------+-----------+---------------+----------------------+------------------------+------------+--------------------------------------------------------------+
; Multiplexer Inputs ; Bus Width ; Baseline Area ; Area if Restructured ; Saving if Restructured ; Registered ; Example Multiplexer Output                                   ;
+--------------------+-----------+---------------+----------------------+------------------------+------------+--------------------------------------------------------------+
; 3:1                ; 4 bits    ; 8 LEs         ; 8 LEs                ; 0 LEs                  ; No         ; |CO|lpm_mux:inst|mux_70e:auto_generated|l1_w3_n0_mux_dataout ;
+--------------------+-----------+---------------+----------------------+------------------------+------------+--------------------------------------------------------------+


+----------------------------------------------------------------+
; Parameter Settings for User Entity Instance: LPM_ADD_SUB:insta ;
+------------------------+-------------+-------------------------+
; Parameter Name         ; Value       ; Type                    ;
+------------------------+-------------+-------------------------+
; LPM_WIDTH              ; 4           ; Untyped                 ;
; LPM_REPRESENTATION     ; UNSIGNED    ; Untyped                 ;
; LPM_DIRECTION          ; DEFAULT     ; Untyped                 ;
; ONE_INPUT_IS_CONSTANT  ; NO          ; Untyped                 ;
; LPM_PIPELINE           ; 0           ; Untyped                 ;
; MAXIMIZE_SPEED         ; 10          ; Untyped                 ;
; REGISTERED_AT_END      ; 0           ; Untyped                 ;
; OPTIMIZE_FOR_SPEED     ; 5           ; Untyped                 ;
; USE_CS_BUFFERS         ; 1           ; Untyped                 ;
; CARRY_CHAIN            ; MANUAL      ; Untyped                 ;
; CARRY_CHAIN_LENGTH     ; 48          ; CARRY_CHAIN_LENGTH      ;
; DEVICE_FAMILY          ; Cyclone V   ; Untyped                 ;
; USE_WYS                ; OFF         ; Untyped                 ;
; STYLE                  ; FAST        ; Untyped                 ;
; CBXI_PARAMETER         ; add_sub_fpl ; Untyped                 ;
; AUTO_CARRY_CHAINS      ; ON          ; AUTO_CARRY              ;
; IGNORE_CARRY_BUFFERS   ; OFF         ; IGNORE_CARRY            ;
; AUTO_CASCADE_CHAINS    ; ON          ; AUTO_CASCADE            ;
; IGNORE_CASCADE_BUFFERS ; OFF         ; IGNORE_CASCADE          ;
+------------------------+-------------+-------------------------+
Note: In order to hide this table in the UI and the text report file, please set the "Show Parameter Settings in Synthesis Report" option in "Analysis and Synthesis Settings -> More Settings" to "Off".


+-----------------------------------------------------------+
; Parameter Settings for User Entity Instance: LPM_MUX:inst ;
+------------------------+-----------+----------------------+
; Parameter Name         ; Value     ; Type                 ;
+------------------------+-----------+----------------------+
; AUTO_CARRY_CHAINS      ; ON        ; AUTO_CARRY           ;
; IGNORE_CARRY_BUFFERS   ; OFF       ; IGNORE_CARRY         ;
; AUTO_CASCADE_CHAINS    ; ON        ; AUTO_CASCADE         ;
; IGNORE_CASCADE_BUFFERS ; OFF       ; IGNORE_CASCADE       ;
; LPM_WIDTH              ; 4         ; Untyped              ;
; LPM_SIZE               ; 2         ; Untyped              ;
; LPM_WIDTHS             ; 1         ; Untyped              ;
; LPM_PIPELINE           ; 0         ; Untyped              ;
; CBXI_PARAMETER         ; mux_70e   ; Untyped              ;
; DEVICE_FAMILY          ; Cyclone V ; Untyped              ;
+------------------------+-----------+----------------------+
Note: In order to hide this table in the UI and the text report file, please set the "Show Parameter Settings in Synthesis Report" option in "Analysis and Synthesis Settings -> More Settings" to "Off".


+------------------------------------------------------------+
; Parameter Settings for User Entity Instance: LPM_MUX:inst2 ;
+------------------------+-----------+-----------------------+
; Parameter Name         ; Value     ; Type                  ;
+------------------------+-----------+-----------------------+
; AUTO_CARRY_CHAINS      ; ON        ; AUTO_CARRY            ;
; IGNORE_CARRY_BUFFERS   ; OFF       ; IGNORE_CARRY          ;
; AUTO_CASCADE_CHAINS    ; ON        ; AUTO_CASCADE          ;
; IGNORE_CASCADE_BUFFERS ; OFF       ; IGNORE_CASCADE        ;
; LPM_WIDTH              ; 4         ; Untyped               ;
; LPM_SIZE               ; 2         ; Untyped               ;
; LPM_WIDTHS             ; 1         ; Untyped               ;
; LPM_PIPELINE           ; 0         ; Untyped               ;
; CBXI_PARAMETER         ; mux_70e   ; Untyped               ;
; DEVICE_FAMILY          ; Cyclone V ; Untyped               ;
+------------------------+-----------+-----------------------+
Note: In order to hide this table in the UI and the text report file, please set the "Show Parameter Settings in Synthesis Report" option in "Analysis and Synthesis Settings -> More Settings" to "Off".


+-----------------------------------------------------------+
; Parameter Settings for User Entity Instance: LPM_OR:inst4 ;
+------------------------+-----------+----------------------+
; Parameter Name         ; Value     ; Type                 ;
+------------------------+-----------+----------------------+
; AUTO_CARRY_CHAINS      ; ON        ; AUTO_CARRY           ;
; IGNORE_CARRY_BUFFERS   ; OFF       ; IGNORE_CARRY         ;
; AUTO_CASCADE_CHAINS    ; ON        ; AUTO_CASCADE         ;
; IGNORE_CASCADE_BUFFERS ; OFF       ; IGNORE_CASCADE       ;
; LPM_WIDTH              ; 4         ; Untyped              ;
; LPM_SIZE               ; 2         ; Untyped              ;
; CARRY_CHAIN_LENGTH     ; 48        ; CARRY_CHAIN_LENGTH   ;
; CARRY_CHAIN            ; MANUAL    ; Untyped              ;
; CASCADE_CHAIN          ; MANUAL    ; Untyped              ;
; DEVICE_FAMILY          ; Cyclone V ; Untyped              ;
+------------------------+-----------+----------------------+
Note: In order to hide this table in the UI and the text report file, please set the "Show Parameter Settings in Synthesis Report" option in "Analysis and Synthesis Settings -> More Settings" to "Off".


+------------------------------------------------------------+
; Parameter Settings for User Entity Instance: LPM_AND:inst3 ;
+------------------------+-----------+-----------------------+
; Parameter Name         ; Value     ; Type                  ;
+------------------------+-----------+-----------------------+
; AUTO_CARRY_CHAINS      ; ON        ; AUTO_CARRY            ;
; IGNORE_CARRY_BUFFERS   ; OFF       ; IGNORE_CARRY          ;
; AUTO_CASCADE_CHAINS    ; ON        ; AUTO_CASCADE          ;
; IGNORE_CASCADE_BUFFERS ; OFF       ; IGNORE_CASCADE        ;
; LPM_WIDTH              ; 4         ; Untyped               ;
; LPM_SIZE               ; 2         ; Signed Integer        ;
; CARRY_CHAIN_LENGTH     ; 48        ; CARRY_CHAIN_LENGTH    ;
; CARRY_CHAIN            ; MANUAL    ; Untyped               ;
; CASCADE_CHAIN          ; MANUAL    ; Untyped               ;
; DEVICE_FAMILY          ; Cyclone V ; Untyped               ;
+------------------------+-----------+-----------------------+
Note: In order to hide this table in the UI and the text report file, please set the "Show Parameter Settings in Synthesis Report" option in "Analysis and Synthesis Settings -> More Settings" to "Off".


+-----------------------------------------------------+
; Post-Synthesis Netlist Statistics for Top Partition ;
+-----------------------+-----------------------------+
; Type                  ; Count                       ;
+-----------------------+-----------------------------+
; arriav_lcell_comb     ; 12                          ;
;     arith             ; 6                           ;
;         0 data inputs ; 1                           ;
;         1 data inputs ; 1                           ;
;         3 data inputs ; 4                           ;
;     normal            ; 6                           ;
;         1 data inputs ; 1                           ;
;         2 data inputs ; 1                           ;
;         5 data inputs ; 4                           ;
; boundary_port         ; 18                          ;
;                       ;                             ;
; Max LUT depth         ; 3.50                        ;
; Average LUT depth     ; 2.89                        ;
+-----------------------+-----------------------------+


+-------------------------------+
; Elapsed Time Per Partition    ;
+----------------+--------------+
; Partition Name ; Elapsed Time ;
+----------------+--------------+
; Top            ; 00:00:02     ;
+----------------+--------------+


+-------------------------------+
; Analysis & Synthesis Messages ;
+-------------------------------+
Info: *******************************************************************
Info: Running Quartus Prime Analysis & Synthesis
    Info: Version 17.1.0 Build 590 10/25/2017 SJ Lite Edition
    Info: Processing started: Wed Feb 21 14:15:27 2018
Info: Command: quartus_map --read_settings_files=on --write_settings_files=off CO -c CO
Warning (18236): Number of processors has not been specified which may cause overloading on shared machines.  Set the global assignment NUM_PARALLEL_PROCESSORS in your QSF to an appropriate value for best performance.
Info (20030): Parallel compilation is enabled and will use 2 of the 2 processors detected
Info (12021): Found 1 design units, including 1 entities, in source file co.bdf
    Info (12023): Found entity 1: CO
Info (12127): Elaborating entity "CO" for the top level hierarchy
Info (12128): Elaborating entity "LPM_ADD_SUB" for hierarchy "LPM_ADD_SUB:insta"
Info (12130): Elaborated megafunction instantiation "LPM_ADD_SUB:insta"
Info (12133): Instantiated megafunction "LPM_ADD_SUB:insta" with the following parameter:
    Info (12134): Parameter "LPM_DIRECTION" = "DEFAULT"
    Info (12134): Parameter "LPM_PIPELINE" = "0"
    Info (12134): Parameter "LPM_REPRESENTATION" = "UNSIGNED"
    Info (12134): Parameter "LPM_WIDTH" = "4"
    Info (12134): Parameter "MAXIMIZE_SPEED" = "10"
    Info (12134): Parameter "ONE_INPUT_IS_CONSTANT" = "NO"
Info (12021): Found 1 design units, including 1 entities, in source file db/add_sub_fpl.tdf
    Info (12023): Found entity 1: add_sub_fpl File: C:/Users/user/Desktop/Lab5/db/add_sub_fpl.tdf Line: 25
Info (12128): Elaborating entity "add_sub_fpl" for hierarchy "LPM_ADD_SUB:insta|add_sub_fpl:auto_generated" File: c:/intelfpga_lite/17.1/quartus/libraries/megafunctions/lpm_add_sub.tdf Line: 118
Info (12128): Elaborating entity "LPM_MUX" for hierarchy "LPM_MUX:inst"
Info (12130): Elaborated megafunction instantiation "LPM_MUX:inst"
Info (12133): Instantiated megafunction "LPM_MUX:inst" with the following parameter:
    Info (12134): Parameter "LPM_PIPELINE" = "0"
    Info (12134): Parameter "LPM_SIZE" = "2"
    Info (12134): Parameter "LPM_WIDTH" = "4"
    Info (12134): Parameter "LPM_WIDTHS" = "1"
Info (12021): Found 1 design units, including 1 entities, in source file db/mux_70e.tdf
    Info (12023): Found entity 1: mux_70e File: C:/Users/user/Desktop/Lab5/db/mux_70e.tdf Line: 22
Info (12128): Elaborating entity "mux_70e" for hierarchy "LPM_MUX:inst|mux_70e:auto_generated" File: c:/intelfpga_lite/17.1/quartus/libraries/megafunctions/lpm_mux.tdf Line: 86
Info (12128): Elaborating entity "LPM_OR" for hierarchy "LPM_OR:inst4"
Info (12130): Elaborated megafunction instantiation "LPM_OR:inst4"
Info (12133): Instantiated megafunction "LPM_OR:inst4" with the following parameter:
    Info (12134): Parameter "LPM_SIZE" = "2"
    Info (12134): Parameter "LPM_WIDTH" = "4"
Info (12128): Elaborating entity "LPM_AND" for hierarchy "LPM_AND:inst3"
Info (12130): Elaborated megafunction instantiation "LPM_AND:inst3"
Info (12133): Instantiated megafunction "LPM_AND:inst3" with the following parameter:
    Info (12134): Parameter "LPM_SIZE" = "2"
    Info (12134): Parameter "LPM_WIDTH" = "4"
Info (286030): Timing-Driven Synthesis is running
Info (16010): Generating hard_block partition "hard_block:auto_generated_inst"
    Info (16011): Adding 0 node(s), including 0 DDIO, 0 PLL, 0 transceiver and 0 LCELL
Info (21057): Implemented 29 device resources after synthesis - the final resource count might be different
    Info (21058): Implemented 12 input pins
    Info (21059): Implemented 6 output pins
    Info (21061): Implemented 11 logic cells
Info: Quartus Prime Analysis & Synthesis was successful. 0 errors, 1 warning
    Info: Peak virtual memory: 733 megabytes
    Info: Processing ended: Wed Feb 21 14:15:47 2018
    Info: Elapsed time: 00:00:20
    Info: Total CPU time (on all processors): 00:00:36


